{
  "stats": {
    "suites": 21,
    "tests": 64,
    "passes": 64,
    "pending": 0,
    "failures": 0,
    "start": "2021-10-18T11:07:35.234Z",
    "end": "2021-10-18T11:11:23.040Z",
    "duration": 147077,
    "testsRegistered": 64,
    "passPercent": 100,
    "pendingPercent": 0,
    "other": 0,
    "hasOther": false,
    "skipped": 0,
    "hasSkipped": false
  },
  "results": [
    {
      "uuid": "4261dbaf-7df6-482c-9877-9feabe2f7b30",
      "title": "",
      "fullFile": "cypress/integration/automation-test-store/add-multiple-items-to-basket.js",
      "file": "cypress/integration/automation-test-store/add-multiple-items-to-basket.js",
      "beforeHooks": [],
      "afterHooks": [],
      "tests": [],
      "suites": [
        {
          "uuid": "6b9438d1-da18-404d-91b3-68bc38ed85af",
          "title": "Add multiple products to the basket",
          "fullFile": "",
          "file": "",
          "beforeHooks": [],
          "afterHooks": [],
          "tests": [
            {
              "title": "Add specific products to the basket",
              "fullTitle": "Add multiple products to the basket Add specific products to the basket",
              "timedOut": null,
              "duration": 6921,
              "state": "passed",
              "speed": "slow",
              "pass": true,
              "fail": false,
              "pending": false,
              "context": null,
              "code": "globalThis.data.productName.forEach(function (element) {\n  cy.addProductToBasket(element);\n});\ncy.get('.dropdown-toggle > .fa').click();\ncy.get(\"[class='bold totalamout']\").should(\"contain\", \"$48.45\");",
              "err": {},
              "uuid": "282f9118-8ed7-4a34-98f8-0c7af5dae5b3",
              "parentUUID": "6b9438d1-da18-404d-91b3-68bc38ed85af",
              "isHook": false,
              "skipped": false
            },
            {
              "title": "Use Page Object model method and add specific products to basket",
              "fullTitle": "Add multiple products to the basket Use Page Object model method and add specific products to basket",
              "timedOut": null,
              "duration": 5757,
              "state": "passed",
              "speed": "slow",
              "pass": true,
              "fail": false,
              "pending": false,
              "context": null,
              "code": "haircare_PO.addHaircareProductToBasket();\ncy.get(\"[class='bold totalamout']\").should(\"contain\", \"$48.45\");",
              "err": {},
              "uuid": "eda57e3d-bc95-4563-9e55-c76403107b2b",
              "parentUUID": "6b9438d1-da18-404d-91b3-68bc38ed85af",
              "isHook": false,
              "skipped": false
            }
          ],
          "suites": [],
          "passes": [
            "282f9118-8ed7-4a34-98f8-0c7af5dae5b3",
            "eda57e3d-bc95-4563-9e55-c76403107b2b"
          ],
          "failures": [],
          "pending": [],
          "skipped": [],
          "duration": 12678,
          "root": false,
          "rootEmpty": false,
          "_timeout": 2000
        }
      ],
      "passes": [],
      "failures": [],
      "pending": [],
      "skipped": [],
      "duration": 0,
      "root": true,
      "rootEmpty": true,
      "_timeout": 2000
    },
    {
      "uuid": "73888916-34fa-4f7b-834b-96783ebecc31",
      "title": "",
      "fullFile": "cypress/integration/automation-test-store/alias-invoke.js",
      "file": "cypress/integration/automation-test-store/alias-invoke.js",
      "beforeHooks": [],
      "afterHooks": [],
      "tests": [],
      "suites": [
        {
          "uuid": "9770d549-c395-4829-9a84-b918d578784d",
          "title": "Alias and invoke",
          "fullFile": "",
          "file": "",
          "beforeHooks": [],
          "afterHooks": [],
          "tests": [
            {
              "title": "Validate a specific haircare product",
              "fullTitle": "Alias and invoke Validate a specific haircare product",
              "timedOut": null,
              "duration": 5010,
              "state": "passed",
              "speed": "slow",
              "pass": true,
              "fail": false,
              "pending": false,
              "context": null,
              "code": "cy.get(\"a[href*='product/category&path=']\").contains(\"Hair Care\").click();\ncy.get(\".fixed_wrapper .prdocutname\").eq(0).invoke('text').as(\"productThumbnail\");\ncy.get('@productThumbnail').its(\"length\").should(\"be.gt\", 5);\ncy.get('@productThumbnail').should(\"include\", \"Seaweed Conditioner\");",
              "err": {},
              "uuid": "a347cdf8-ee0f-4d35-a179-e99dcecb70ee",
              "parentUUID": "9770d549-c395-4829-9a84-b918d578784d",
              "isHook": false,
              "skipped": false
            },
            {
              "title": "Validate the number of products in the homepage",
              "fullTitle": "Alias and invoke Validate the number of products in the homepage",
              "timedOut": null,
              "duration": 2218,
              "state": "passed",
              "speed": "slow",
              "pass": true,
              "fail": false,
              "pending": false,
              "context": null,
              "code": "cy.get(\".thumbnail\").as(\"thumbnail\");\ncy.get(\"@thumbnail\").should(\"have.length\", 16);\ncy.get(\"@thumbnail\").find(\".productcart\").invoke('attr', \"title\").should(\"contain\", \"Add to Cart\");\ncy.get(\"@thumbnail\").find(\".productcart\").should(\"have.length\", 13);",
              "err": {},
              "uuid": "62a9edf3-eb11-49ee-b156-649e474037e4",
              "parentUUID": "9770d549-c395-4829-9a84-b918d578784d",
              "isHook": false,
              "skipped": false
            },
            {
              "title": "Calculate total of normal and sale products",
              "fullTitle": "Alias and invoke Calculate total of normal and sale products",
              "timedOut": null,
              "duration": 1253,
              "state": "passed",
              "speed": "slow",
              "pass": true,
              "fail": false,
              "pending": false,
              "context": null,
              "code": "cy.get(\".thumbnail\").find(\".oneprice\").invoke(\"text\").as(\"itemPrice\");\ncy.get(\".thumbnail\").find(\".pricenew\").invoke(\"text\").as(\"salesItemPrice\");\nvar itemsTotal = 0; //Calculate Non-sales items total price and added to the itemsTotal\ncy.get(\"@itemPrice\").then(function ($linkText) {\n  var itemPrice = $linkText.split('$');\n  var i;\n  var itemPriceTotal = 0;\n  for (i = 0; i < itemPrice.length; i++) {\n    itemPriceTotal += Number(itemPrice[i]);\n    cy.log(itemPrice[i]);\n  }\n  itemsTotal += itemPriceTotal;\n  cy.log(\"Non-sales price items total :\" + itemPriceTotal);\n  expect(itemPriceTotal).to.eq(251.1);\n}); //Calculate Sales items total price and update itemsTotal\ncy.get(\"@salesItemPrice\").then(function ($linkText) {\n  var salesItemPrice = $linkText.split('$');\n  var j;\n  var salesItemPriceTotal = 0;\n  for (j = 0; j < salesItemPrice.length; j++) {\n    salesItemPriceTotal += Number(salesItemPrice[j]);\n    cy.log(salesItemPrice[j]);\n  }\n  itemsTotal += salesItemPriceTotal;\n  cy.log(\"Sales price items total: \" + salesItemPriceTotal);\n  expect(salesItemPriceTotal).to.eq(403);\n}).then(function () {\n  cy.log(\"Total price of all products: \" + itemsTotal);\n  expect(itemsTotal).to.eq(654.1);\n});",
              "err": {},
              "uuid": "3082d102-f45e-48b3-b41c-f6f1cb6b3449",
              "parentUUID": "9770d549-c395-4829-9a84-b918d578784d",
              "isHook": false,
              "skipped": false
            }
          ],
          "suites": [],
          "passes": [
            "a347cdf8-ee0f-4d35-a179-e99dcecb70ee",
            "62a9edf3-eb11-49ee-b156-649e474037e4",
            "3082d102-f45e-48b3-b41c-f6f1cb6b3449"
          ],
          "failures": [],
          "pending": [],
          "skipped": [],
          "duration": 8481,
          "root": false,
          "rootEmpty": false,
          "_timeout": 2000
        }
      ],
      "passes": [],
      "failures": [],
      "pending": [],
      "skipped": [],
      "duration": 0,
      "root": true,
      "rootEmpty": true,
      "_timeout": 2000
    },
    {
      "uuid": "b6339198-81a5-46a7-8c6f-9c8a614f5251",
      "title": "",
      "fullFile": "cypress/integration/automation-test-store/contact-us.js",
      "file": "cypress/integration/automation-test-store/contact-us.js",
      "beforeHooks": [],
      "afterHooks": [],
      "tests": [],
      "suites": [
        {
          "uuid": "0f6db22f-180c-422c-aef8-64c5fe40b40c",
          "title": "Test contact us form via Automation Test Store",
          "fullFile": "",
          "file": "",
          "beforeHooks": [],
          "afterHooks": [],
          "tests": [
            {
              "title": "Should be able to submit a successful submission via contact us form",
              "fullTitle": "Test contact us form via Automation Test Store Should be able to submit a successful submission via contact us form",
              "timedOut": null,
              "duration": 6243,
              "state": "passed",
              "speed": "slow",
              "pass": true,
              "fail": false,
              "pending": false,
              "context": null,
              "code": "cy.visit(Cypress.env(\"automationTestStore_homepage\")); //cy.xpath('//a[contains(text(),\"Contact Us\")]').click({ force: true });\n//cy.xpath('//a[contains(@href,\"contact\")]').click({ force: true });\ncy.get(\"a[href$='contact']\").click().then(function (linkText) {\n  cy.log(\"the link has text as : \" + linkText.text());\n});\ncy.get(\"@user\").then(function (user) {\n  cy.get(\"#ContactUsFrm_first_name\").type(user.first_name);\n  cy.get(\"#ContactUsFrm_email\").type(user.email);\n});\ncy.get(\"#ContactUsFrm_email\").should(\"have.attr\", \"name\", \"email\");\ncy.get(\"#ContactUsFrm_enquiry\").type(\"comment22222\");\ncy.xpath(\"//*[@title='Submit']\").click();\ncy.get('.mb40 > :nth-child(3)').should(\"have.text\", \"Your enquiry has been successfully sent to the store owner!\");",
              "err": {},
              "uuid": "ee930343-051a-4414-8862-73a1a5394619",
              "parentUUID": "0f6db22f-180c-422c-aef8-64c5fe40b40c",
              "isHook": false,
              "skipped": false
            }
          ],
          "suites": [],
          "passes": [
            "ee930343-051a-4414-8862-73a1a5394619"
          ],
          "failures": [],
          "pending": [],
          "skipped": [],
          "duration": 6243,
          "root": false,
          "rootEmpty": false,
          "_timeout": 2000
        }
      ],
      "passes": [],
      "failures": [],
      "pending": [],
      "skipped": [],
      "duration": 0,
      "root": true,
      "rootEmpty": true,
      "_timeout": 2000
    },
    {
      "uuid": "89891747-2f27-40af-8e75-c50a2ab17247",
      "title": "",
      "fullFile": "cypress/integration/automation-test-store/inspect-item.js",
      "file": "cypress/integration/automation-test-store/inspect-item.js",
      "beforeHooks": [],
      "afterHooks": [],
      "tests": [],
      "suites": [
        {
          "uuid": "671724c4-d58b-4303-a81d-70bec55fe612",
          "title": "Inspect Automation Test Store items using change of commands",
          "fullFile": "",
          "file": "",
          "beforeHooks": [],
          "afterHooks": [],
          "tests": [
            {
              "title": "Click on the first item using item header",
              "fullTitle": "Inspect Automation Test Store items using change of commands Click on the first item using item header",
              "timedOut": null,
              "duration": 4981,
              "state": "passed",
              "speed": "slow",
              "pass": true,
              "fail": false,
              "pending": false,
              "context": null,
              "code": "cy.get('#block_frame_featured_1769 > .thumbnails > :nth-child(1) > .fixed_wrapper > .fixed > .prdocutname').click();",
              "err": {},
              "uuid": "f12009f3-aa7f-414c-9bb9-4acd56ec523d",
              "parentUUID": "671724c4-d58b-4303-a81d-70bec55fe612",
              "isHook": false,
              "skipped": false
            },
            {
              "title": "Click on the first item using item text",
              "fullTitle": "Inspect Automation Test Store items using change of commands Click on the first item using item text",
              "timedOut": null,
              "duration": 4307,
              "state": "passed",
              "speed": "slow",
              "pass": true,
              "fail": false,
              "pending": false,
              "context": null,
              "code": "cy.get(\".prdocutname\").contains(\"Skinsheen Bronzer Stick\").click().then(function (itemHeaderText) {\n  console.log(\"Selected the following item :\" + itemHeaderText.text());\n});",
              "err": {},
              "uuid": "1e6ec289-c43e-44d1-a607-e4f2125a1eb0",
              "parentUUID": "671724c4-d58b-4303-a81d-70bec55fe612",
              "isHook": false,
              "skipped": false
            },
            {
              "title": "Click on the first item using index",
              "fullTitle": "Inspect Automation Test Store items using change of commands Click on the first item using index",
              "timedOut": null,
              "duration": 4102,
              "state": "passed",
              "speed": "slow",
              "pass": true,
              "fail": false,
              "pending": false,
              "context": null,
              "code": "cy.get(\".fixed_wrapper\").find('.prdocutname').eq(0).click();",
              "err": {},
              "uuid": "6419978f-575b-43f0-aaf5-7cd00cc93e24",
              "parentUUID": "671724c4-d58b-4303-a81d-70bec55fe612",
              "isHook": false,
              "skipped": false
            }
          ],
          "suites": [],
          "passes": [
            "f12009f3-aa7f-414c-9bb9-4acd56ec523d",
            "1e6ec289-c43e-44d1-a607-e4f2125a1eb0",
            "6419978f-575b-43f0-aaf5-7cd00cc93e24"
          ],
          "failures": [],
          "pending": [],
          "skipped": [],
          "duration": 13390,
          "root": false,
          "rootEmpty": false,
          "_timeout": 2000
        }
      ],
      "passes": [],
      "failures": [],
      "pending": [],
      "skipped": [],
      "duration": 0,
      "root": true,
      "rootEmpty": true,
      "_timeout": 2000
    },
    {
      "uuid": "6a6488a6-422c-4523-a008-25d5e08d293d",
      "title": "",
      "fullFile": "cypress/integration/automation-test-store/iterate-over-elements.js",
      "file": "cypress/integration/automation-test-store/iterate-over-elements.js",
      "beforeHooks": [],
      "afterHooks": [],
      "tests": [],
      "suites": [
        {
          "uuid": "05fffad2-64a9-44e3-933f-2337805dfb4d",
          "title": "Iterate over elements",
          "fullFile": "",
          "file": "",
          "beforeHooks": [],
          "afterHooks": [],
          "tests": [
            {
              "title": "Log information of all haircare products",
              "fullTitle": "Iterate over elements Log information of all haircare products",
              "timedOut": null,
              "duration": 4356,
              "state": "passed",
              "speed": "slow",
              "pass": true,
              "fail": false,
              "pending": false,
              "context": null,
              "code": "cy.get(\".fixed_wrapper .prdocutname\").each(function ($el, index, $list) {\n  cy.log(\"Index\" + index + \" : \" + $el.text());\n});",
              "err": {},
              "uuid": "a4a7009e-d830-4e7e-8c16-57adf623bdee",
              "parentUUID": "05fffad2-64a9-44e3-933f-2337805dfb4d",
              "isHook": false,
              "skipped": false
            },
            {
              "title": "Click on the specific element",
              "fullTitle": "Iterate over elements Click on the specific element",
              "timedOut": null,
              "duration": 5341,
              "state": "passed",
              "speed": "slow",
              "pass": true,
              "fail": false,
              "pending": false,
              "context": null,
              "code": "cy.get(\".fixed_wrapper .prdocutname\").each(function ($el, index, $list) {\n  if ($el.text() == 'Seaweed Conditioner') {\n    //wrap to use cypress commands\n    cy.wrap($el).click().then(function (headerText) {\n      var text = headerText.text();\n      expect(text).to.eq(\"Seaweed Conditioner\");\n      cy.get('#product_quantity').should(\"have.value\", 1);\n      cy.get('.cart').click();\n    });\n  }\n});",
              "err": {},
              "uuid": "fd2cae57-91e8-42c3-b6b8-e68f54e3a51a",
              "parentUUID": "05fffad2-64a9-44e3-933f-2337805dfb4d",
              "isHook": false,
              "skipped": false
            },
            {
              "title": "Add specific product to basket by using custom command",
              "fullTitle": "Iterate over elements Add specific product to basket by using custom command",
              "timedOut": null,
              "duration": 8348,
              "state": "passed",
              "speed": "slow",
              "pass": true,
              "fail": false,
              "pending": false,
              "context": null,
              "code": "cy.selectProductbyName(\"Curls to straight Shampoo\").then(function () {\n  cy.get(\".productname .bgnone\").contains(\"Curls to straight Shampoo\");\n  cy.clearTextbox(\"#product_quantity\");\n  cy.enterValue(\"#product_quantity\", 2);\n  cy.get('.total-price').should(\"contain\", \"$8.00\");\n  cy.clickbySelector(\".cart\");\n  cy.get(\"[class='bold totalamout']\").should(\"contain\", \"$10.00\");\n  cy.clickbySelector(\"#cart_checkout2\");\n  cy.get(\"#accountFrm_accountguest\").check();\n  cy.clickbySelector(\"[title='Continue']\");\n});",
              "err": {},
              "uuid": "a2bd8e30-6432-4621-bfce-884b66fd5495",
              "parentUUID": "05fffad2-64a9-44e3-933f-2337805dfb4d",
              "isHook": false,
              "skipped": false
            },
            {
              "title": "Click on specific product by using custom command",
              "fullTitle": "Iterate over elements Click on specific product by using custom command",
              "timedOut": null,
              "duration": 4590,
              "state": "passed",
              "speed": "slow",
              "pass": true,
              "fail": false,
              "pending": false,
              "context": null,
              "code": "cy.selectProductbyName(\"Eau Parfumee au The Vert Shampoo\").then(function () {\n  cy.get(\".productname .bgnone\").contains(\"Eau Parfumee au The Vert Shampoo\");\n  cy.clearTextbox(\"#product_quantity\");\n  cy.enterValue(\"#product_quantity\", 2);\n  cy.get('.total-price').should(\"contain\", \"$62.00\");\n});",
              "err": {},
              "uuid": "0ec1077c-7532-4927-949f-d5b8858133cb",
              "parentUUID": "05fffad2-64a9-44e3-933f-2337805dfb4d",
              "isHook": false,
              "skipped": false
            }
          ],
          "suites": [],
          "passes": [
            "a4a7009e-d830-4e7e-8c16-57adf623bdee",
            "fd2cae57-91e8-42c3-b6b8-e68f54e3a51a",
            "a2bd8e30-6432-4621-bfce-884b66fd5495",
            "0ec1077c-7532-4927-949f-d5b8858133cb"
          ],
          "failures": [],
          "pending": [],
          "skipped": [],
          "duration": 22635,
          "root": false,
          "rootEmpty": false,
          "_timeout": 2000
        }
      ],
      "passes": [],
      "failures": [],
      "pending": [],
      "skipped": [],
      "duration": 0,
      "root": true,
      "rootEmpty": true,
      "_timeout": 2000
    },
    {
      "uuid": "3e826a9b-1b57-47ef-a0be-7f9d9c3cc0b4",
      "title": "",
      "fullFile": "cypress/integration/automation-test-store/variables-and-cy-commands.js",
      "file": "cypress/integration/automation-test-store/variables-and-cy-commands.js",
      "beforeHooks": [],
      "afterHooks": [],
      "tests": [],
      "suites": [
        {
          "uuid": "d9cc3119-7f2f-48ad-91f7-78bc80df90ff",
          "title": "Verifying variables, cypress commands and jquery commands",
          "fullFile": "",
          "file": "",
          "beforeHooks": [],
          "afterHooks": [],
          "tests": [
            {
              "title": "Navigating to specific product pages",
              "fullTitle": "Verifying variables, cypress commands and jquery commands Navigating to specific product pages",
              "timedOut": null,
              "duration": 5209,
              "state": "passed",
              "speed": "slow",
              "pass": true,
              "fail": false,
              "pending": false,
              "context": null,
              "code": "//This will be fail because of the order of execution\n/*  const makeUpLink = cy.get(\"a[href*='product/category&path=']\").contains(\"Makeup\");\n const skinCareLink = cy.get(\"a[href*='product/category&path=']\").contains(\"Skincare\")\n makeUpLink.click();\n skinCareLink.click(); */\n//This will work\n/*const makeUpLink = cy.get(\"a[href*='product/category&path=']\").contains(\"Makeup\");\nmakeUpLink.click();\nconst skinCareLink = cy.get(\"a[href*='product/category&path=']\").contains(\"Skincare\")\nskinCareLink.click(); */\n//Recommended Approach\ncy.get(\"a[href*='product/category&path=']\").contains(\"Makeup\").click();\ncy.get(\"a[href*='product/category&path=']\").contains(\"Skincare\").click();",
              "err": {},
              "uuid": "7395b3c6-df0d-4fef-9b22-10ca8b70bbeb",
              "parentUUID": "d9cc3119-7f2f-48ad-91f7-78bc80df90ff",
              "isHook": false,
              "skipped": false
            },
            {
              "title": "Navigating to specific product pages",
              "fullTitle": "Verifying variables, cypress commands and jquery commands Navigating to specific product pages",
              "timedOut": null,
              "duration": 4008,
              "state": "passed",
              "speed": "slow",
              "pass": true,
              "fail": false,
              "pending": false,
              "context": null,
              "code": "cy.get(\"a[href*='product/category&path=']\").contains(\"Makeup\").click();\ncy.get(\"h1 .maintext\").then(function ($headerText) {\n  var headerText = $headerText.text();\n  cy.log(\"Header is : \" + headerText); //Chai assertions\n  expect(headerText).is.eq(\"Makeup\");\n  expect(headerText).contain(\"Makeup\");\n});",
              "err": {},
              "uuid": "9ec74579-8e5a-4a4e-8dd0-74c837bbdaf7",
              "parentUUID": "d9cc3119-7f2f-48ad-91f7-78bc80df90ff",
              "isHook": false,
              "skipped": false
            },
            {
              "title": "Validate properties of Contact Us page",
              "fullTitle": "Verifying variables, cypress commands and jquery commands Validate properties of Contact Us page",
              "timedOut": null,
              "duration": 2499,
              "state": "passed",
              "speed": "slow",
              "pass": true,
              "fail": false,
              "pending": false,
              "context": null,
              "code": "cy.visit(Cypress.env(\"automationTestStore_homepage\") + \"/index.php?rt=content/contact\"); //Uses cypress commands and chaining\ncy.contains('#ContactUsFrm', 'Contact Us Form').find('#field_11').should(\"contain\", 'First name:'); //Jquery Approach\ncy.contains('#ContactUsFrm', 'Contact Us Form').then(function (text) {\n  var firstNameText = text.find('#field_11').text();\n  expect(firstNameText).to.contain('First name:');\n}); //Embeded commands(Closure)\ncy.get('#field_11').then(function (fnText) {\n  cy.log(fnText.text()); //First name: *\n  cy.log(fnText); //<div#field_11.form-group.form_field>\n});",
              "err": {},
              "uuid": "f0ebc1c5-3b3d-476b-b497-0ac16f74d3e4",
              "parentUUID": "d9cc3119-7f2f-48ad-91f7-78bc80df90ff",
              "isHook": false,
              "skipped": false
            }
          ],
          "suites": [],
          "passes": [
            "7395b3c6-df0d-4fef-9b22-10ca8b70bbeb",
            "9ec74579-8e5a-4a4e-8dd0-74c837bbdaf7",
            "f0ebc1c5-3b3d-476b-b497-0ac16f74d3e4"
          ],
          "failures": [],
          "pending": [],
          "skipped": [],
          "duration": 11716,
          "root": false,
          "rootEmpty": false,
          "_timeout": 2000
        }
      ],
      "passes": [],
      "failures": [],
      "pending": [],
      "skipped": [],
      "duration": 0,
      "root": true,
      "rootEmpty": true,
      "_timeout": 2000
    },
    {
      "uuid": "e5e16fe9-f023-4e9d-8e03-d1efee84652d",
      "title": "",
      "fullFile": "cypress/integration/webdriver-uni/autocomplete-dropdownlist.js",
      "file": "cypress/integration/webdriver-uni/autocomplete-dropdownlist.js",
      "beforeHooks": [],
      "afterHooks": [],
      "tests": [],
      "suites": [
        {
          "uuid": "1ef1b5d8-d3f8-43d3-9daa-c9d19cf3f9eb",
          "title": "Verify autocomplete dropdownlist via WebdriverUni",
          "fullFile": "",
          "file": "",
          "beforeHooks": [],
          "afterHooks": [],
          "tests": [
            {
              "title": "Select specific products via autocomplete list",
              "fullTitle": "Verify autocomplete dropdownlist via WebdriverUni Select specific products via autocomplete list",
              "timedOut": null,
              "duration": 4008,
              "state": "passed",
              "speed": "slow",
              "pass": true,
              "fail": false,
              "pending": false,
              "context": null,
              "code": "cy.visit(\"/\");\ncy.get(\"#autocomplete-textfield\").invoke(\"removeAttr\", \"target\").click({\n  force: true\n});\ncy.get(\"#myInput\").type(\"A\");\ncy.get(\"#myInputautocomplete-list>*\").as(\"autolist\");\ncy.get(\"@autolist\").each(function ($el, index, $list) {\n  var prod = $el.text();\n  var productToSelect = \"Almond\";\n  if (prod === productToSelect) {\n    $el.trigger(\"click\");\n    cy.get(\"#submit-button\").click();\n    cy.url().should(\"contain\", productToSelect);\n  }\n}).then(function () {\n  cy.get(\"#myInput\").type(\"B\");\n  cy.get(\"@autolist\").each(function ($el, index, $list) {\n    var prod = $el.text();\n    var secondSelection = \"Bagels\";\n    if (prod === secondSelection) {\n      $el.trigger(\"click\");\n      cy.get(\"#submit-button\").click();\n      cy.url().should(\"contain\", secondSelection);\n    }\n  });\n});",
              "err": {},
              "uuid": "92d1598f-17b5-4590-ba92-fcb8f2389762",
              "parentUUID": "1ef1b5d8-d3f8-43d3-9daa-c9d19cf3f9eb",
              "isHook": false,
              "skipped": false
            }
          ],
          "suites": [],
          "passes": [
            "92d1598f-17b5-4590-ba92-fcb8f2389762"
          ],
          "failures": [],
          "pending": [],
          "skipped": [],
          "duration": 4008,
          "root": false,
          "rootEmpty": false,
          "_timeout": 2000
        }
      ],
      "passes": [],
      "failures": [],
      "pending": [],
      "skipped": [],
      "duration": 0,
      "root": true,
      "rootEmpty": true,
      "_timeout": 2000
    },
    {
      "uuid": "b4be1f84-abb7-4e7c-acd7-f6e733d31e49",
      "title": "",
      "fullFile": "cypress/integration/webdriver-uni/browser-navigation.js",
      "file": "cypress/integration/webdriver-uni/browser-navigation.js",
      "beforeHooks": [],
      "afterHooks": [],
      "tests": [],
      "suites": [
        {
          "uuid": "09d4914b-adf7-4bb1-bbc5-2eab48c083ea",
          "title": "Validating webdriveruni homepage links",
          "fullFile": "",
          "file": "",
          "beforeHooks": [],
          "afterHooks": [],
          "tests": [
            {
              "title": "Confirm links redirect to the correct pages",
              "fullTitle": "Validating webdriveruni homepage links Confirm links redirect to the correct pages",
              "timedOut": null,
              "duration": 6097,
              "state": "passed",
              "speed": "slow",
              "pass": true,
              "fail": false,
              "pending": false,
              "context": null,
              "code": "cy.visit(\"/\");\ncy.get(\"#contact-us\").invoke(\"removeAttr\", \"target\").click({\n  force: true\n});\ncy.url().should(\"include\", \"contactus\"); //Back to homepage\ncy.go(\"back\");\ncy.reload(); //cy.reload(true);//reload the page without cache\ncy.url().should(\"include\", \"http://www.webdriveruniversity.com/\"); //Go to Contact Use again\ncy.go(\"forward\");\ncy.url().should(\"include\", \"contactus\"); //Back to Homepage,then click Login-portal and validate the url\ncy.go(\"back\");\ncy.get(\"#login-portal\").invoke(\"removeAttr\", \"target\").click({\n  force: true\n});\ncy.url().should(\"include\", \"Login-Portal\"); //Back to Homepage, then click To-do list link and validate the url\ncy.go(\"back\");\ncy.get(\"#to-do-list\").invoke(\"removeAttr\", \"target\").click({\n  force: true\n});\ncy.url().should(\"include\", \"To-Do-List\");\ncy.go(\"back\");",
              "err": {},
              "uuid": "61f83513-2c9e-457b-9af8-8d444acc79a4",
              "parentUUID": "09d4914b-adf7-4bb1-bbc5-2eab48c083ea",
              "isHook": false,
              "skipped": false
            }
          ],
          "suites": [],
          "passes": [
            "61f83513-2c9e-457b-9af8-8d444acc79a4"
          ],
          "failures": [],
          "pending": [],
          "skipped": [],
          "duration": 6097,
          "root": false,
          "rootEmpty": false,
          "_timeout": 2000
        }
      ],
      "passes": [],
      "failures": [],
      "pending": [],
      "skipped": [],
      "duration": 0,
      "root": true,
      "rootEmpty": true,
      "_timeout": 2000
    },
    {
      "uuid": "6bce99c4-7f4e-4d90-a439-7d5bf366a809",
      "title": "",
      "fullFile": "cypress/integration/webdriver-uni/chekcboxes.js",
      "file": "cypress/integration/webdriver-uni/chekcboxes.js",
      "beforeHooks": [],
      "afterHooks": [],
      "tests": [],
      "suites": [
        {
          "uuid": "ab558e10-8610-4564-adc1-c5a4025a488f",
          "title": "Test Checkboxes via WebdriverUni",
          "fullFile": "",
          "file": "",
          "beforeHooks": [],
          "afterHooks": [],
          "tests": [
            {
              "title": "Check and validate checkboxes",
              "fullTitle": "Test Checkboxes via WebdriverUni Check and validate checkboxes",
              "timedOut": null,
              "duration": 1609,
              "state": "passed",
              "speed": "slow",
              "pass": true,
              "fail": false,
              "pending": false,
              "context": null,
              "code": "cy.get('[value=\"option-1\"]').as(\"option-1\");\ncy.get(\"@option-1\").check().should(\"be.checked\");",
              "err": {},
              "uuid": "a106633f-3f1d-47fd-bfd7-8c019f9333e9",
              "parentUUID": "ab558e10-8610-4564-adc1-c5a4025a488f",
              "isHook": false,
              "skipped": false
            },
            {
              "title": "Uncheck and validate checkboxes",
              "fullTitle": "Test Checkboxes via WebdriverUni Uncheck and validate checkboxes",
              "timedOut": null,
              "duration": 1535,
              "state": "passed",
              "speed": "slow",
              "pass": true,
              "fail": false,
              "pending": false,
              "context": null,
              "code": "cy.get('[value=\"option-3\"]').as(\"option-3\");\ncy.get(\"@option-3\").should(\"be.checked\");\ncy.get(\"@option-3\").uncheck().should(\"not.be.checked\");",
              "err": {},
              "uuid": "a4bacb61-afbe-42a2-b23c-912f4283a549",
              "parentUUID": "ab558e10-8610-4564-adc1-c5a4025a488f",
              "isHook": false,
              "skipped": false
            },
            {
              "title": "Check and validate multiple checkboxes",
              "fullTitle": "Test Checkboxes via WebdriverUni Check and validate multiple checkboxes",
              "timedOut": null,
              "duration": 1133,
              "state": "passed",
              "speed": "slow",
              "pass": true,
              "fail": false,
              "pending": false,
              "context": null,
              "code": "cy.get('[type=\"checkbox\"]').check([\"option-1\", \"option-2\", \"option-3\", \"option-4\"]).should(\"be.checked\");",
              "err": {},
              "uuid": "9fe27efe-924f-4e8d-b66f-e93dec5390ba",
              "parentUUID": "ab558e10-8610-4564-adc1-c5a4025a488f",
              "isHook": false,
              "skipped": false
            }
          ],
          "suites": [],
          "passes": [
            "a106633f-3f1d-47fd-bfd7-8c019f9333e9",
            "a4bacb61-afbe-42a2-b23c-912f4283a549",
            "9fe27efe-924f-4e8d-b66f-e93dec5390ba"
          ],
          "failures": [],
          "pending": [],
          "skipped": [],
          "duration": 4277,
          "root": false,
          "rootEmpty": false,
          "_timeout": 2000
        }
      ],
      "passes": [],
      "failures": [],
      "pending": [],
      "skipped": [],
      "duration": 0,
      "root": true,
      "rootEmpty": true,
      "_timeout": 2000
    },
    {
      "uuid": "519c7e9a-28fe-421a-b628-0093029ee0ea",
      "title": "",
      "fullFile": "cypress/integration/webdriver-uni/contact-us.js",
      "file": "cypress/integration/webdriver-uni/contact-us.js",
      "beforeHooks": [],
      "afterHooks": [],
      "tests": [],
      "suites": [
        {
          "uuid": "d6dcfcaa-8a17-4922-8b53-058db050b42f",
          "title": "Test Contact Us form via WebdriverUni",
          "fullFile": "",
          "file": "",
          "beforeHooks": [],
          "afterHooks": [],
          "tests": [
            {
              "title": "TC-1: Should be able to submit a successful submission via contact us form",
              "fullTitle": "Test Contact Us form via WebdriverUni TC-1: Should be able to submit a successful submission via contact us form",
              "timedOut": null,
              "duration": 3642,
              "state": "passed",
              "speed": "slow",
              "pass": true,
              "fail": false,
              "pending": false,
              "context": null,
              "code": "cy.title().should(\"eq\", \"WebDriver | Contact Us\");\ncy.url().should(\"include\", \"/Contact-Us/contactus.html\");\ncy.url().should(\"eq\", \"http://www.webdriveruniversity.com/Contact-Us/contactus.html\");\ncy.get('[name=\"first_name\"]').type(data.first_name);\ncy.get('[name=\"last_name\"]').type(data.last_name);\ncy.get('[name=\"email\"]').type(data.email);\ncy.get('[name=\"message\"]').type(\"comment\");\ncy.get('[type=\"submit\"]').click();\ncy.get('h1').should(\"have.text\", \"Thank You for your Message!\");",
              "err": {},
              "uuid": "9f30e7db-2e76-4c25-b425-9883698a5ddf",
              "parentUUID": "d6dcfcaa-8a17-4922-8b53-058db050b42f",
              "isHook": false,
              "skipped": false
            },
            {
              "title": "TC-2: Should be able to submit a successful submission via contact us form by using Custom command",
              "fullTitle": "Test Contact Us form via WebdriverUni TC-2: Should be able to submit a successful submission via contact us form by using Custom command",
              "timedOut": null,
              "duration": 3477,
              "state": "passed",
              "speed": "slow",
              "pass": true,
              "fail": false,
              "pending": false,
              "context": null,
              "code": "cy.webdriveruni_Contactus_Submission(Cypress.env(\"first_name\"), data.last_name, data.email, \"custom command was used\", 'h1', \"Thank You for your Message!\");",
              "err": {},
              "uuid": "f0e51c4d-38c2-4626-a2dd-8f50069584e6",
              "parentUUID": "d6dcfcaa-8a17-4922-8b53-058db050b42f",
              "isHook": false,
              "skipped": false
            },
            {
              "title": "TC-3: Should be able to submit a successful submission via contact us form by using Page Object Model command",
              "fullTitle": "Test Contact Us form via WebdriverUni TC-3: Should be able to submit a successful submission via contact us form by using Page Object Model command",
              "timedOut": null,
              "duration": 3351,
              "state": "passed",
              "speed": "slow",
              "pass": true,
              "fail": false,
              "pending": false,
              "context": null,
              "code": "contactUs_PO.contactForm_Submission(Cypress.env(\"first_name\"), data.last_name, data.email, \"Page Object custom command was used\", 'h1', \"Thank You for your Message!\");",
              "err": {},
              "uuid": "d1df61e2-a1de-43c4-9e33-222886db79d8",
              "parentUUID": "d6dcfcaa-8a17-4922-8b53-058db050b42f",
              "isHook": false,
              "skipped": false
            },
            {
              "title": "TC-4: Should not be able to submit successfull submission via contact us form as all fields are required",
              "fullTitle": "Test Contact Us form via WebdriverUni TC-4: Should not be able to submit successfull submission via contact us form as all fields are required",
              "timedOut": null,
              "duration": 1488,
              "state": "passed",
              "speed": "slow",
              "pass": true,
              "fail": false,
              "pending": false,
              "context": null,
              "code": "cy.get('[name=\"first_name\"]').type(data.first_name);\ncy.get('[name=\"last_name\"]').type(data.last_name);\ncy.get('[name=\"message\"]').type(\"comment2\");\ncy.get('[type=\"submit\"]').click();\ncy.get('body').contains(\"Error: all fields are required\");",
              "err": {},
              "uuid": "d4ca0d8c-0b6a-4629-a8f1-131a6f799255",
              "parentUUID": "d6dcfcaa-8a17-4922-8b53-058db050b42f",
              "isHook": false,
              "skipped": false
            },
            {
              "title": "TC-5: Should not be able to submit successfull submission via contact us form as all fields are required by using Custom command",
              "fullTitle": "Test Contact Us form via WebdriverUni TC-5: Should not be able to submit successfull submission via contact us form as all fields are required by using Custom command",
              "timedOut": null,
              "duration": 1840,
              "state": "passed",
              "speed": "slow",
              "pass": true,
              "fail": false,
              "pending": false,
              "context": null,
              "code": "cy.webdriveruni_Contactus_Submission(data.first_name, data.last_name, \" \", \"custom comment2\", 'body', \"Error: Invalid email address\");",
              "err": {},
              "uuid": "79ed1da9-f6c4-49e4-921e-6c9985b089e7",
              "parentUUID": "d6dcfcaa-8a17-4922-8b53-058db050b42f",
              "isHook": false,
              "skipped": false
            },
            {
              "title": "TC-6: Should not be able to submit successfull submission via contact us form as all fields are required byusing Page Object Model command",
              "fullTitle": "Test Contact Us form via WebdriverUni TC-6: Should not be able to submit successfull submission via contact us form as all fields are required byusing Page Object Model command",
              "timedOut": null,
              "duration": 2257,
              "state": "passed",
              "speed": "slow",
              "pass": true,
              "fail": false,
              "pending": false,
              "context": null,
              "code": "contactUs_PO.contactForm_Submission(Cypress.env(\"first_name\"), data.last_name, \" \", \"Page Object custom command was used for invalid input\", 'body', \"Error: Invalid email address\");",
              "err": {},
              "uuid": "380c5266-d45b-4e87-a0a6-9d775e895202",
              "parentUUID": "d6dcfcaa-8a17-4922-8b53-058db050b42f",
              "isHook": false,
              "skipped": false
            }
          ],
          "suites": [],
          "passes": [
            "9f30e7db-2e76-4c25-b425-9883698a5ddf",
            "f0e51c4d-38c2-4626-a2dd-8f50069584e6",
            "d1df61e2-a1de-43c4-9e33-222886db79d8",
            "d4ca0d8c-0b6a-4629-a8f1-131a6f799255",
            "79ed1da9-f6c4-49e4-921e-6c9985b089e7",
            "380c5266-d45b-4e87-a0a6-9d775e895202"
          ],
          "failures": [],
          "pending": [],
          "skipped": [],
          "duration": 16055,
          "root": false,
          "rootEmpty": false,
          "_timeout": 2000
        }
      ],
      "passes": [],
      "failures": [],
      "pending": [],
      "skipped": [],
      "duration": 0,
      "root": true,
      "rootEmpty": true,
      "_timeout": 2000
    },
    {
      "uuid": "804b87ca-2089-4905-b2e2-85d29637f3a0",
      "title": "",
      "fullFile": "cypress/integration/webdriver-uni/data-tables.js",
      "file": "cypress/integration/webdriver-uni/data-tables.js",
      "beforeHooks": [],
      "afterHooks": [],
      "tests": [],
      "suites": [
        {
          "uuid": "46692a25-2299-4719-afa9-67492ece3efc",
          "title": "Handling data via Webdriveruni",
          "fullFile": "",
          "file": "",
          "beforeHooks": [],
          "afterHooks": [],
          "tests": [
            {
              "title": "Calculate total age of all users",
              "fullTitle": "Handling data via Webdriveruni Calculate total age of all users",
              "timedOut": null,
              "duration": 1444,
              "state": "passed",
              "speed": "slow",
              "pass": true,
              "fail": false,
              "pending": false,
              "context": null,
              "code": "var userDetails = [];\nvar numb = 0;\ncy.get(\"#thumbnail-1 td\").each(function ($el, index, $list) {\n  userDetails[index] = $el.text();\n}).then(function () {\n  var i;\n  for (i = 0; i < userDetails.length; i++) {\n    if (Number(userDetails[i])) {\n      numb += Number(userDetails[i]);\n    }\n  }\n  cy.log(\"Total age : \" + numb);\n  expect(numb).eq(322);\n});",
              "err": {},
              "uuid": "8dd4a422-9735-4b57-93e6-40b63b5c22ae",
              "parentUUID": "46692a25-2299-4719-afa9-67492ece3efc",
              "isHook": false,
              "skipped": false
            },
            {
              "title": "Calculate total age of all users by using nth-child css selector",
              "fullTitle": "Handling data via Webdriveruni Calculate total age of all users by using nth-child css selector",
              "timedOut": null,
              "duration": 764,
              "state": "passed",
              "speed": "slow",
              "pass": true,
              "fail": false,
              "pending": false,
              "context": null,
              "code": "var numb = 0;\ncy.get(\"#thumbnail-1 td:nth-child(3)\").each(function ($el, index, $list) {\n  var userAge = $el.text();\n  numb += Number(userAge);\n}).then(function () {\n  cy.log(\"Total age : \" + numb);\n  expect(numb).eq(322);\n});",
              "err": {},
              "uuid": "8a49ba31-3c29-4816-ae91-52e6a17db131",
              "parentUUID": "46692a25-2299-4719-afa9-67492ece3efc",
              "isHook": false,
              "skipped": false
            },
            {
              "title": "Calcaulate and assert age of a given user based on surname",
              "fullTitle": "Handling data via Webdriveruni Calcaulate and assert age of a given user based on surname",
              "timedOut": null,
              "duration": 726,
              "state": "passed",
              "speed": "slow",
              "pass": true,
              "fail": false,
              "pending": false,
              "context": null,
              "code": "cy.get(\"#thumbnail-1 td:nth-child(2)\").each(function ($el, index, $list) {\n  var surname = $el.text();\n  if (surname.includes(\"Woods\")) {\n    cy.get(\"#thumbnail-1 td:nth-child(2)\").eq(index).next().then(function (age) {\n      var userAge = age.text();\n      expect(userAge).to.eq(\"80\");\n    });\n  }\n});",
              "err": {},
              "uuid": "38a88dea-9a30-46cd-a3e6-6624bd80abda",
              "parentUUID": "46692a25-2299-4719-afa9-67492ece3efc",
              "isHook": false,
              "skipped": false
            },
            {
              "title": "Calculate and assert age of users who has same lastname",
              "fullTitle": "Handling data via Webdriveruni Calculate and assert age of users who has same lastname",
              "timedOut": null,
              "duration": 932,
              "state": "passed",
              "speed": "slow",
              "pass": true,
              "fail": false,
              "pending": false,
              "context": null,
              "code": "var numb = 0;\ncy.get(\"#thumbnail-1 td:nth-child(2)\").each(function ($el, index, $list) {\n  var surname = $el.text();\n  if (surname.includes(\"Jackson\")) {\n    cy.get(\"#thumbnail-1 td:nth-child(2)\").eq(index).next().then(function (age) {\n      var userAge = age.text();\n      numb += Number(userAge);\n    });\n  }\n}).then(function () {\n  cy.log(\"Total age value : \" + numb);\n  expect(numb).to.eq(150);\n});",
              "err": {},
              "uuid": "d413a911-c859-4fb7-9e7c-034f312257b0",
              "parentUUID": "46692a25-2299-4719-afa9-67492ece3efc",
              "isHook": false,
              "skipped": false
            }
          ],
          "suites": [],
          "passes": [
            "8dd4a422-9735-4b57-93e6-40b63b5c22ae",
            "8a49ba31-3c29-4816-ae91-52e6a17db131",
            "38a88dea-9a30-46cd-a3e6-6624bd80abda",
            "d413a911-c859-4fb7-9e7c-034f312257b0"
          ],
          "failures": [],
          "pending": [],
          "skipped": [],
          "duration": 3866,
          "root": false,
          "rootEmpty": false,
          "_timeout": 2000
        }
      ],
      "passes": [],
      "failures": [],
      "pending": [],
      "skipped": [],
      "duration": 0,
      "root": true,
      "rootEmpty": true,
      "_timeout": 2000
    },
    {
      "uuid": "5ced5e3e-6f4a-42b2-aaed-256e0024582a",
      "title": "",
      "fullFile": "cypress/integration/webdriver-uni/datepicker-previous-future.js",
      "file": "cypress/integration/webdriver-uni/datepicker-previous-future.js",
      "beforeHooks": [],
      "afterHooks": [],
      "tests": [],
      "suites": [
        {
          "uuid": "816c34bd-938d-4f7a-b292-d9cae7df39e4",
          "title": "Test datepicker via webdriveruni",
          "fullFile": "",
          "file": "",
          "beforeHooks": [],
          "afterHooks": [],
          "tests": [
            {
              "title": "Select a date from datepicker",
              "fullTitle": "Test datepicker via webdriveruni Select a date from datepicker",
              "timedOut": null,
              "duration": 1664,
              "state": "passed",
              "speed": "slow",
              "pass": true,
              "fail": false,
              "pending": false,
              "context": null,
              "code": "cy.visit(\"/\");\ncy.get(\"#datepicker\").invoke(\"removeAttr\", \"target\").click({\n  force: true\n});\ncy.get(\"#datepicker\").click();\nvar cDate = new Date();\ncDate.setDate(cDate.getDate());\nvar cYear = cDate.getFullYear();\nvar cMonth = cDate.toLocaleDateString(\"default\", {\n  month: \"long\"\n});\ncy.log(\"Current Year : \" + cYear);\ncy.log(\"Current Month : \" + cMonth);\nvar date = new Date();\ndate.setDate(date.getDate() - 17);\nvar Year = date.getFullYear();\nvar Month = date.toLocaleString(\"default\", {\n  month: \"long\"\n});\nvar Day = date.getDate();\ncy.log(\"Year to select :\" + Year);\ncy.log(\"Month to select :\" + Month);\ncy.log(\"Day to select : \" + Day);\nfunction selectMonthAndYear() {\n  cy.get(\".datepicker-dropdown\").find(\".datepicker-switch\").first().then(function (currentDate) {\n    if (!currentDate.text().includes(Year)) {\n      cy.get(\".next\").first().click();\n      selectMonthAndYear();\n    }\n  }).then(function () {\n    cy.get(\".datepicker-dropdown\").find(\".datepicker-switch\").first().then(function (currentDate) {\n      if (!currentDate.text().includes(Month)) {\n        cy.get(\".next\").first().click();\n        selectMonthAndYear();\n      }\n    });\n  });\n}\nfunction selectPreviousMonthAndYear() {\n  cy.get(\".datepicker-dropdown\").find(\".datepicker-switch\").first().then(function (currentDate) {\n    if (!currentDate.text().includes(Year)) {\n      cy.get(\".prev\").first().click();\n      selectPreviousMonthAndYear();\n    }\n  }).then(function () {\n    cy.get(\".datepicker-dropdown\").find(\".datepicker-switch\").first().then(function (currentDate) {\n      if (!currentDate.text().includes(Month)) {\n        cy.get(\".prev\").first().click();\n        selectPreviousMonthAndYear();\n      }\n    });\n  });\n}\nfunction selectDay() {\n  cy.get(\"[class='day']\").contains(Day).click();\n}\nif (date < cDate) {\n  selectPreviousMonthAndYear();\n  selectDay();\n} else {\n  selectMonthAndYear();\n  selectDay();\n}",
              "err": {},
              "uuid": "c257de2f-bcf3-4f92-8a4a-b789ce6bcc79",
              "parentUUID": "816c34bd-938d-4f7a-b292-d9cae7df39e4",
              "isHook": false,
              "skipped": false
            }
          ],
          "suites": [],
          "passes": [
            "c257de2f-bcf3-4f92-8a4a-b789ce6bcc79"
          ],
          "failures": [],
          "pending": [],
          "skipped": [],
          "duration": 1664,
          "root": false,
          "rootEmpty": false,
          "_timeout": 2000
        }
      ],
      "passes": [],
      "failures": [],
      "pending": [],
      "skipped": [],
      "duration": 0,
      "root": true,
      "rootEmpty": true,
      "_timeout": 2000
    },
    {
      "uuid": "7a45a21b-079d-4a06-91fd-642d495dd97a",
      "title": "",
      "fullFile": "cypress/integration/webdriver-uni/file-upload.js",
      "file": "cypress/integration/webdriver-uni/file-upload.js",
      "beforeHooks": [],
      "afterHooks": [],
      "tests": [],
      "suites": [
        {
          "uuid": "5114e626-0be5-4b85-8d8c-5e3259a67a29",
          "title": "Test file upload via webdriveruni",
          "fullFile": "",
          "file": "",
          "beforeHooks": [],
          "afterHooks": [],
          "tests": [
            {
              "title": "Upload a file ",
              "fullTitle": "Test file upload via webdriveruni Upload a file ",
              "timedOut": null,
              "duration": 1468,
              "state": "passed",
              "speed": "slow",
              "pass": true,
              "fail": false,
              "pending": false,
              "context": null,
              "code": "cy.fixture(\"laptop.png\", \"base64\").then(function (fileContent) {\n  cy.get(\"#myFile\").attachFile({\n    fileContent: fileContent,\n    fileName: \"laptop.png\",\n    mimeType: \"image/png\"\n  }, {\n    uploadType: \"input\"\n  });\n});\ncy.get(\"#submit-button\").click();\ncy.on(\"window:alert\", function (str) {\n  expect(str).to.eq(\"Your file has now been uploaded!\");\n});",
              "err": {},
              "uuid": "dd1fb247-201b-4630-beb2-6d02f4284683",
              "parentUUID": "5114e626-0be5-4b85-8d8c-5e3259a67a29",
              "isHook": false,
              "skipped": false
            },
            {
              "title": "Upload no file ",
              "fullTitle": "Test file upload via webdriveruni Upload no file ",
              "timedOut": null,
              "duration": 1556,
              "state": "passed",
              "speed": "slow",
              "pass": true,
              "fail": false,
              "pending": false,
              "context": null,
              "code": "cy.get(\"#submit-button\").click();\ncy.on(\"window:alert\", function (str) {\n  expect(str).to.eq(\"You need to select a file to upload!\");\n});",
              "err": {},
              "uuid": "7db63196-7c60-4a5b-afe1-ede39c4aec45",
              "parentUUID": "5114e626-0be5-4b85-8d8c-5e3259a67a29",
              "isHook": false,
              "skipped": false
            }
          ],
          "suites": [],
          "passes": [
            "dd1fb247-201b-4630-beb2-6d02f4284683",
            "7db63196-7c60-4a5b-afe1-ede39c4aec45"
          ],
          "failures": [],
          "pending": [],
          "skipped": [],
          "duration": 3024,
          "root": false,
          "rootEmpty": false,
          "_timeout": 2000
        }
      ],
      "passes": [],
      "failures": [],
      "pending": [],
      "skipped": [],
      "duration": 0,
      "root": true,
      "rootEmpty": true,
      "_timeout": 2000
    },
    {
      "uuid": "25b91694-9a75-4a9b-9d9b-ed8d1d2654b1",
      "title": "",
      "fullFile": "cypress/integration/webdriver-uni/iframe.js",
      "file": "cypress/integration/webdriver-uni/iframe.js",
      "beforeHooks": [],
      "afterHooks": [],
      "tests": [],
      "suites": [
        {
          "uuid": "666111ac-1316-4eca-a71a-dd2dcf5f417e",
          "title": "Handling Iframe and Modals",
          "fullFile": "",
          "file": "",
          "beforeHooks": [],
          "afterHooks": [],
          "tests": [
            {
              "title": "Handle webdriveruni iframe and modal",
              "fullTitle": "Handling Iframe and Modals Handle webdriveruni iframe and modal",
              "timedOut": null,
              "duration": 2110,
              "state": "passed",
              "speed": "slow",
              "pass": true,
              "fail": false,
              "pending": false,
              "context": null,
              "code": "cy.visit(\"/\");\ncy.get(\"#iframe\").invoke(\"removeAttr\", \"target\").click({\n  force: true\n});\ncy.get(\"#frame\").then(function ($iframe) {\n  var body = $iframe.contents().find(\"body\"); //Use wrap to use cypress comment against body' contents\n  cy.wrap(body).as(\"iframe\");\n});\ncy.get(\"@iframe\").find(\"#button-find-out-more\").click();\ncy.get(\"@iframe\").find(\"#myModal\").as(\"modal\");\ncy.get(\"@modal\").should(function ($expectedText) {\n  var text = $expectedText.text();\n  expect(text).to.include(\"Welcome to webdriveruniversity.com we sell \");\n});\ncy.get(\"@modal\").contains(\"Close\").click();",
              "err": {},
              "uuid": "7a406b5d-3661-45ec-887b-fc3a370067c0",
              "parentUUID": "666111ac-1316-4eca-a71a-dd2dcf5f417e",
              "isHook": false,
              "skipped": false
            }
          ],
          "suites": [],
          "passes": [
            "7a406b5d-3661-45ec-887b-fc3a370067c0"
          ],
          "failures": [],
          "pending": [],
          "skipped": [],
          "duration": 2110,
          "root": false,
          "rootEmpty": false,
          "_timeout": 2000
        }
      ],
      "passes": [],
      "failures": [],
      "pending": [],
      "skipped": [],
      "duration": 0,
      "root": true,
      "rootEmpty": true,
      "_timeout": 2000
    },
    {
      "uuid": "19714cc6-efd0-4c7b-a9c8-6ed6c7efdaaf",
      "title": "",
      "fullFile": "cypress/integration/webdriver-uni/js-alerts.js",
      "file": "cypress/integration/webdriver-uni/js-alerts.js",
      "beforeHooks": [],
      "afterHooks": [],
      "tests": [],
      "suites": [
        {
          "uuid": "0fb7d53c-af91-4f60-92af-bc2d9b65d033",
          "title": "Test handling js alerts",
          "fullFile": "",
          "file": "",
          "beforeHooks": [],
          "afterHooks": [],
          "tests": [
            {
              "title": "Confirm js alert contains correct text",
              "fullTitle": "Test handling js alerts Confirm js alert contains correct text",
              "timedOut": null,
              "duration": 1288,
              "state": "passed",
              "speed": "slow",
              "pass": true,
              "fail": false,
              "pending": false,
              "context": null,
              "code": "cy.get(\"#button1\").click();\ncy.on(\"window:alert\", function (str) {\n  expect(str).to.eq(\"I am an alert box!\");\n});",
              "err": {},
              "uuid": "4e05db71-be81-4a98-a5fa-917cb6bbc6d6",
              "parentUUID": "0fb7d53c-af91-4f60-92af-bc2d9b65d033",
              "isHook": false,
              "skipped": false
            },
            {
              "title": "Confirm js confirm alert box works correctly when clicking ok",
              "fullTitle": "Test handling js alerts Confirm js confirm alert box works correctly when clicking ok",
              "timedOut": null,
              "duration": 1121,
              "state": "passed",
              "speed": "slow",
              "pass": true,
              "fail": false,
              "pending": false,
              "context": null,
              "code": "cy.get(\"#button4\").click();\ncy.on(\"window:confirm\", function () {\n  return true;\n});\ncy.get(\"#confirm-alert-text\").contains('You pressed OK!');",
              "err": {},
              "uuid": "5bf40fde-ad98-4873-b872-98f90926fe1a",
              "parentUUID": "0fb7d53c-af91-4f60-92af-bc2d9b65d033",
              "isHook": false,
              "skipped": false
            },
            {
              "title": "Confirm js confirm alert box works correctly when clicking Cancel",
              "fullTitle": "Test handling js alerts Confirm js confirm alert box works correctly when clicking Cancel",
              "timedOut": null,
              "duration": 1099,
              "state": "passed",
              "speed": "slow",
              "pass": true,
              "fail": false,
              "pending": false,
              "context": null,
              "code": "cy.get(\"#button4\").click();\ncy.on(\"window:confirm\", function () {\n  return false;\n});\ncy.get(\"#confirm-alert-text\").contains('You pressed Cancel!');",
              "err": {},
              "uuid": "2ca65577-5933-4b9a-b2df-bb4191cedc6c",
              "parentUUID": "0fb7d53c-af91-4f60-92af-bc2d9b65d033",
              "isHook": false,
              "skipped": false
            },
            {
              "title": "Confirm js confirm alert box using a stub",
              "fullTitle": "Test handling js alerts Confirm js confirm alert box using a stub",
              "timedOut": null,
              "duration": 1140,
              "state": "passed",
              "speed": "slow",
              "pass": true,
              "fail": false,
              "pending": false,
              "context": null,
              "code": "var stub = cy.stub();\ncy.on(\"window:confirm\", stub);\ncy.get(\"#button4\").click().then(function () {\n  expect(stub.getCall(0)).to.be.calledWith(\"Press a button!\");\n}).then(function () {\n  return true;\n}).then(function () {\n  cy.get(\"#confirm-alert-text\").contains('You pressed OK!');\n});",
              "err": {},
              "uuid": "c5396765-7a30-4ebe-ba28-c0e04bcdc0eb",
              "parentUUID": "0fb7d53c-af91-4f60-92af-bc2d9b65d033",
              "isHook": false,
              "skipped": false
            }
          ],
          "suites": [],
          "passes": [
            "4e05db71-be81-4a98-a5fa-917cb6bbc6d6",
            "5bf40fde-ad98-4873-b872-98f90926fe1a",
            "2ca65577-5933-4b9a-b2df-bb4191cedc6c",
            "c5396765-7a30-4ebe-ba28-c0e04bcdc0eb"
          ],
          "failures": [],
          "pending": [],
          "skipped": [],
          "duration": 4648,
          "root": false,
          "rootEmpty": false,
          "_timeout": 2000
        }
      ],
      "passes": [],
      "failures": [],
      "pending": [],
      "skipped": [],
      "duration": 0,
      "root": true,
      "rootEmpty": true,
      "_timeout": 2000
    },
    {
      "uuid": "ea80c39a-95c8-4ce9-ac42-e883abe73313",
      "title": "",
      "fullFile": "cypress/integration/webdriver-uni/mouse-actions.js",
      "file": "cypress/integration/webdriver-uni/mouse-actions.js",
      "beforeHooks": [],
      "afterHooks": [],
      "tests": [],
      "suites": [
        {
          "uuid": "85986ccb-ee46-4cfa-a8fe-d7afb50821d3",
          "title": "Test mouse actions via WebdriverUni",
          "fullFile": "",
          "file": "",
          "beforeHooks": [],
          "afterHooks": [],
          "tests": [
            {
              "title": "Scroll element into view",
              "fullTitle": "Test mouse actions via WebdriverUni Scroll element into view",
              "timedOut": null,
              "duration": 1968,
              "state": "passed",
              "speed": "slow",
              "pass": true,
              "fail": false,
              "pending": false,
              "context": null,
              "code": "cy.url().should(\"contain\", \"Actions\");",
              "err": {},
              "uuid": "455ff996-81c0-4371-b82d-65bf8d4be86e",
              "parentUUID": "85986ccb-ee46-4cfa-a8fe-d7afb50821d3",
              "isHook": false,
              "skipped": false
            },
            {
              "title": "Validate drag and drop draggable item",
              "fullTitle": "Test mouse actions via WebdriverUni Validate drag and drop draggable item",
              "timedOut": null,
              "duration": 811,
              "state": "passed",
              "speed": "slow",
              "pass": true,
              "fail": false,
              "pending": false,
              "context": null,
              "code": "cy.get(\"#draggable\").trigger('mousedown', {\n  which: 1\n});\ncy.get('#droppable').trigger('mousemove').trigger('mouseup', {\n  force: true\n});",
              "err": {},
              "uuid": "908e1b6e-c107-40bd-8998-1726090b5acb",
              "parentUUID": "85986ccb-ee46-4cfa-a8fe-d7afb50821d3",
              "isHook": false,
              "skipped": false
            },
            {
              "title": "Double mouse click on item",
              "fullTitle": "Test mouse actions via WebdriverUni Double mouse click on item",
              "timedOut": null,
              "duration": 789,
              "state": "passed",
              "speed": "slow",
              "pass": true,
              "fail": false,
              "pending": false,
              "context": null,
              "code": "cy.get(\"#double-click\").dblclick().should(\"have.class\", \"div-double-click double\");",
              "err": {},
              "uuid": "ba3f13b5-9a9f-4b0d-896d-e910dc3d1fd2",
              "parentUUID": "85986ccb-ee46-4cfa-a8fe-d7afb50821d3",
              "isHook": false,
              "skipped": false
            },
            {
              "title": "Perform hold down the left mouse click button on an item and then release",
              "fullTitle": "Test mouse actions via WebdriverUni Perform hold down the left mouse click button on an item and then release",
              "timedOut": null,
              "duration": 864,
              "state": "passed",
              "speed": "slow",
              "pass": true,
              "fail": false,
              "pending": false,
              "context": null,
              "code": "cy.get(\"#click-box\").trigger(\"mousedown\", {\n  which: 1\n}).then(function ($element) {\n  expect($element).to.have.css(\"background-color\", \"rgb(0, 255, 0)\");\n  expect($element.text()).contain(\"Well done! keep holding that click now.....\");\n});\ncy.get(\"#click-box\").trigger(\"mouseup\", {\n  force: true\n}).should(\"have.text\", \"Dont release me!!!\");",
              "err": {},
              "uuid": "7d455110-b9d7-401c-b755-bc76a2f89637",
              "parentUUID": "85986ccb-ee46-4cfa-a8fe-d7afb50821d3",
              "isHook": false,
              "skipped": false
            }
          ],
          "suites": [],
          "passes": [
            "455ff996-81c0-4371-b82d-65bf8d4be86e",
            "908e1b6e-c107-40bd-8998-1726090b5acb",
            "ba3f13b5-9a9f-4b0d-896d-e910dc3d1fd2",
            "7d455110-b9d7-401c-b755-bc76a2f89637"
          ],
          "failures": [],
          "pending": [],
          "skipped": [],
          "duration": 4432,
          "root": false,
          "rootEmpty": false,
          "_timeout": 2000
        }
      ],
      "passes": [],
      "failures": [],
      "pending": [],
      "skipped": [],
      "duration": 0,
      "root": true,
      "rootEmpty": true,
      "_timeout": 2000
    },
    {
      "uuid": "1a1c4ed6-b51b-43b5-af32-c6b07288d0d7",
      "title": "",
      "fullFile": "cypress/integration/webdriver-uni/radio-buttons.js",
      "file": "cypress/integration/webdriver-uni/radio-buttons.js",
      "beforeHooks": [],
      "afterHooks": [],
      "tests": [],
      "suites": [
        {
          "uuid": "7dd271d3-916c-4f67-b8f4-184895bd635f",
          "title": "Test radio buttons via WebdriverUni",
          "fullFile": "",
          "file": "",
          "beforeHooks": [],
          "afterHooks": [],
          "tests": [
            {
              "title": "Check and validate first radio buttons",
              "fullTitle": "Test radio buttons via WebdriverUni Check and validate first radio buttons",
              "timedOut": null,
              "duration": 1418,
              "state": "passed",
              "speed": "slow",
              "pass": true,
              "fail": false,
              "pending": false,
              "context": null,
              "code": "cy.get(\"#radio-buttons\").find(\"[type='radio']\").as(\"buttons\");\ncy.get(\"@buttons\").first().check().should(\"be.checked\"); //check second radio button\ncy.get(\"@buttons\").eq(1).check().should(\"be.checked\");",
              "err": {},
              "uuid": "8401553d-b8bf-463a-89a5-c435b418bb9b",
              "parentUUID": "7dd271d3-916c-4f67-b8f4-184895bd635f",
              "isHook": false,
              "skipped": false
            },
            {
              "title": "Validate the states of radio buttons",
              "fullTitle": "Test radio buttons via WebdriverUni Validate the states of radio buttons",
              "timedOut": null,
              "duration": 762,
              "state": "passed",
              "speed": "slow",
              "pass": true,
              "fail": false,
              "pending": false,
              "context": null,
              "code": "cy.get(\"[value='lettuce']\").should(\"be.enabled\");\ncy.get(\"[value='lettuce']\").should(\"not.be.checked\");\ncy.get(\"[value='cabbage']\").should(\"be.disabled\");\ncy.get(\"[value='pumpkin']\").should(\"be.checked\");",
              "err": {},
              "uuid": "1641945b-564c-4d2e-a26a-51333948a2eb",
              "parentUUID": "7dd271d3-916c-4f67-b8f4-184895bd635f",
              "isHook": false,
              "skipped": false
            }
          ],
          "suites": [],
          "passes": [
            "8401553d-b8bf-463a-89a5-c435b418bb9b",
            "1641945b-564c-4d2e-a26a-51333948a2eb"
          ],
          "failures": [],
          "pending": [],
          "skipped": [],
          "duration": 2180,
          "root": false,
          "rootEmpty": false,
          "_timeout": 2000
        }
      ],
      "passes": [],
      "failures": [],
      "pending": [],
      "skipped": [],
      "duration": 0,
      "root": true,
      "rootEmpty": true,
      "_timeout": 2000
    },
    {
      "uuid": "64bd1733-3099-44b8-b8a2-ec5281e4c042",
      "title": "",
      "fullFile": "cypress/integration/webdriver-uni/same-origin-policy.js",
      "file": "cypress/integration/webdriver-uni/same-origin-policy.js",
      "beforeHooks": [],
      "afterHooks": [],
      "tests": [],
      "suites": [
        {
          "uuid": "d2cf7b39-e410-4469-9347-3a6e981ff661",
          "title": "Cypress Web Security",
          "fullFile": "",
          "file": "",
          "beforeHooks": [],
          "afterHooks": [],
          "tests": [
            {
              "title": "Validate visiting two different domains via user actions",
              "fullTitle": "Cypress Web Security Validate visiting two different domains via user actions",
              "timedOut": null,
              "duration": 1339,
              "state": "passed",
              "speed": "slow",
              "pass": true,
              "fail": false,
              "pending": false,
              "context": null,
              "code": "cy.visit(\"/\");\ncy.get(\"#automation-test-store\").invoke(\"removeAttr\", \"target\").click({\n  force: true\n});",
              "err": {},
              "uuid": "13027a15-c770-43db-9ea5-ed0ca2bafba5",
              "parentUUID": "d2cf7b39-e410-4469-9347-3a6e981ff661",
              "isHook": false,
              "skipped": false
            }
          ],
          "suites": [],
          "passes": [
            "13027a15-c770-43db-9ea5-ed0ca2bafba5"
          ],
          "failures": [],
          "pending": [],
          "skipped": [],
          "duration": 1339,
          "root": false,
          "rootEmpty": false,
          "_timeout": 2000
        }
      ],
      "passes": [],
      "failures": [],
      "pending": [],
      "skipped": [],
      "duration": 0,
      "root": true,
      "rootEmpty": true,
      "_timeout": 2000
    },
    {
      "uuid": "3ce5a91b-08d8-4cd8-b0de-d107533d02a2",
      "title": "",
      "fullFile": "cypress/integration/webdriver-uni/select-dropdown-list.js",
      "file": "cypress/integration/webdriver-uni/select-dropdown-list.js",
      "beforeHooks": [],
      "afterHooks": [],
      "tests": [],
      "suites": [
        {
          "uuid": "77639a12-8faa-4677-aef4-654642878d9e",
          "title": "Test dropdown list via WebdriverUni",
          "fullFile": "",
          "file": "",
          "beforeHooks": [],
          "afterHooks": [],
          "tests": [
            {
              "title": "Check and validate first radio buttons",
              "fullTitle": "Test dropdown list via WebdriverUni Check and validate first radio buttons",
              "timedOut": null,
              "duration": 2435,
              "state": "passed",
              "speed": "slow",
              "pass": true,
              "fail": false,
              "pending": false,
              "context": null,
              "code": "cy.visit(\"/\");\ncy.get(\"#dropdown-checkboxes-radiobuttons\").invoke(\"removeAttr\", \"target\").click({\n  force: true\n}); //Select by value,asser value from first dropdown menu\ncy.get(\"#dropdowm-menu-1\").select(\"python\").should(\"have.value\", \"python\"); //Select value, assert text from  2nd dropdown\ncy.get(\"#dropdowm-menu-2\").select(\"testng\").contains(\"TestNG\"); //Select by value, assert value from 3th dropdown menu\ncy.get(\"#dropdowm-menu-3\").select(\"javascript\").should(\"have.value\", \"javascript\"); //Select maven as option by value from  2nd dropdown menu\ncy.get(\"#dropdowm-menu-2\").select(\"maven\").contains(\"Maven\"); //Select junit as option by text from 3th dropdown menu\ncy.get(\"#dropdowm-menu-3\").select(\"JQuery\").should(\"have.value\", \"jquery\");",
              "err": {},
              "uuid": "2a60c5c8-4d41-4a26-be81-6c434b2c1f9e",
              "parentUUID": "77639a12-8faa-4677-aef4-654642878d9e",
              "isHook": false,
              "skipped": false
            }
          ],
          "suites": [],
          "passes": [
            "2a60c5c8-4d41-4a26-be81-6c434b2c1f9e"
          ],
          "failures": [],
          "pending": [],
          "skipped": [],
          "duration": 2435,
          "root": false,
          "rootEmpty": false,
          "_timeout": 2000
        }
      ],
      "passes": [],
      "failures": [],
      "pending": [],
      "skipped": [],
      "duration": 0,
      "root": true,
      "rootEmpty": true,
      "_timeout": 2000
    },
    {
      "uuid": "4a010bca-a6ed-401f-933e-a1426e9fd3fa",
      "title": "",
      "fullFile": "cypress/integration/webdriver-uni/selectors.js",
      "file": "cypress/integration/webdriver-uni/selectors.js",
      "beforeHooks": [],
      "afterHooks": [],
      "tests": [],
      "suites": [
        {
          "uuid": "d072dbb7-d11e-4e30-937e-ce5f8b941e57",
          "title": "Selector examples",
          "fullFile": "",
          "file": "",
          "beforeHooks": [],
          "afterHooks": [],
          "tests": [
            {
              "title": "Examples of Selectors via WebdriverUni Contact Us Page",
              "fullTitle": "Selector examples Examples of Selectors via WebdriverUni Contact Us Page",
              "timedOut": null,
              "duration": 1029,
              "state": "passed",
              "speed": "slow",
              "pass": true,
              "fail": false,
              "pending": false,
              "context": null,
              "code": "cy.visit(Cypress.env(\"webdriveruni_homepage\") + \"/Contact-Us/contactus.html\"); //By tag name\ncy.get(\"input\"); //By attribute name and value\ncy.get(\"input[name='first_name']\"); //By id\ncy.get(\"#contact_me\"); //By class\ncy.get(\".feedback-input\"); //By multiple classes\ncy.get(\"[class='navbar navbar-inverse navbar-fixed-top']\"); //By two different attributes\ncy.get(\"[name='email'][placeholder='Email Address']\"); //By xpath\ncy.xpath(\"//input[@name='first_name']\");",
              "err": {},
              "uuid": "36504eb8-f1bb-4250-bda7-584ef7b727c0",
              "parentUUID": "d072dbb7-d11e-4e30-937e-ce5f8b941e57",
              "isHook": false,
              "skipped": false
            }
          ],
          "suites": [],
          "passes": [
            "36504eb8-f1bb-4250-bda7-584ef7b727c0"
          ],
          "failures": [],
          "pending": [],
          "skipped": [],
          "duration": 1029,
          "root": false,
          "rootEmpty": false,
          "_timeout": 2000
        }
      ],
      "passes": [],
      "failures": [],
      "pending": [],
      "skipped": [],
      "duration": 0,
      "root": true,
      "rootEmpty": true,
      "_timeout": 2000
    },
    {
      "uuid": "2d871f69-3a4d-4df9-9854-73a9040bcc8e",
      "title": "",
      "fullFile": "cypress/integration/webdriver-uni/traversing-elements.js",
      "file": "cypress/integration/webdriver-uni/traversing-elements.js",
      "beforeHooks": [],
      "afterHooks": [],
      "tests": [],
      "suites": [
        {
          "uuid": "8ca75e89-d20d-4eb9-a992-38cee789ad8c",
          "title": "Traversing DOM elements in Cypress",
          "fullFile": "",
          "file": "",
          "beforeHooks": [],
          "afterHooks": [],
          "tests": [
            {
              "title": "children() to get the children of DOM elements",
              "fullTitle": "Traversing DOM elements in Cypress children() to get the children of DOM elements",
              "timedOut": null,
              "duration": 1239,
              "state": "passed",
              "speed": "slow",
              "pass": true,
              "fail": false,
              "pending": false,
              "context": null,
              "code": "cy.get(\".traversal-breadcrumb\").children(\".active\").should(\"contain\", \"Contact Us\");",
              "err": {},
              "uuid": "905fe85c-26e7-4f11-a866-fb66720a6b5b",
              "parentUUID": "8ca75e89-d20d-4eb9-a992-38cee789ad8c",
              "isHook": false,
              "skipped": false
            },
            {
              "title": "closest() to validate the closest ancestor DOM element",
              "fullTitle": "Traversing DOM elements in Cypress closest() to validate the closest ancestor DOM element",
              "timedOut": null,
              "duration": 1256,
              "state": "passed",
              "speed": "slow",
              "pass": true,
              "fail": false,
              "pending": false,
              "context": null,
              "code": "cy.get(\".traversal-badge\").closest(\"ul\").should(\"have.class\", \"list-group\");",
              "err": {},
              "uuid": "6b26b2bf-bb61-4360-9908-bc49505afb79",
              "parentUUID": "8ca75e89-d20d-4eb9-a992-38cee789ad8c",
              "isHook": false,
              "skipped": false
            },
            {
              "title": "eq() to retrieve a specific element based on index",
              "fullTitle": "Traversing DOM elements in Cypress eq() to retrieve a specific element based on index",
              "timedOut": null,
              "duration": 1526,
              "state": "passed",
              "speed": "slow",
              "pass": true,
              "fail": false,
              "pending": false,
              "context": null,
              "code": "cy.get(\".traversal-drinks-list>*\").eq(1).should(\"contain\", \"Tea\");",
              "err": {},
              "uuid": "1b97db8c-f074-447c-b7bb-85156cbfca15",
              "parentUUID": "8ca75e89-d20d-4eb9-a992-38cee789ad8c",
              "isHook": false,
              "skipped": false
            },
            {
              "title": "filter() to retrieve DOM elements that match a specific selector",
              "fullTitle": "Traversing DOM elements in Cypress filter() to retrieve DOM elements that match a specific selector",
              "timedOut": null,
              "duration": 805,
              "state": "passed",
              "speed": "slow",
              "pass": true,
              "fail": false,
              "pending": false,
              "context": null,
              "code": "cy.get(\".btn-group-toggle>*\").filter(\".active\").should(\"contain\", \"Button-1\");",
              "err": {},
              "uuid": "32e5b72a-b19e-4593-9e52-8eefde660e89",
              "parentUUID": "8ca75e89-d20d-4eb9-a992-38cee789ad8c",
              "isHook": false,
              "skipped": false
            },
            {
              "title": "find() to retrieve DOM elements of a given selector",
              "fullTitle": "Traversing DOM elements in Cypress find() to retrieve DOM elements of a given selector",
              "timedOut": null,
              "duration": 751,
              "state": "passed",
              "speed": "slow",
              "pass": true,
              "fail": false,
              "pending": false,
              "context": null,
              "code": "cy.get(\".traversal-pagination\").find(\"li\").find(\"a\").should(\"have.length\", 7);",
              "err": {},
              "uuid": "6978a39f-3193-4e55-afc0-0fbc7cc76548",
              "parentUUID": "8ca75e89-d20d-4eb9-a992-38cee789ad8c",
              "isHook": false,
              "skipped": false
            },
            {
              "title": "first() to retrieve the first DOM element within elements ",
              "fullTitle": "Traversing DOM elements in Cypress first() to retrieve the first DOM element within elements ",
              "timedOut": null,
              "duration": 882,
              "state": "passed",
              "speed": "slow",
              "pass": true,
              "fail": false,
              "pending": false,
              "context": null,
              "code": "cy.get(\".traversal-table>tbody>tr>td\").first().should(\"contain\", \"Andy\");",
              "err": {},
              "uuid": "a0ec40ce-d609-441f-8f88-ecfd037a2336",
              "parentUUID": "8ca75e89-d20d-4eb9-a992-38cee789ad8c",
              "isHook": false,
              "skipped": false
            },
            {
              "title": "last() to retrieve the last DOM element within elements",
              "fullTitle": "Traversing DOM elements in Cypress last() to retrieve the last DOM element within elements",
              "timedOut": null,
              "duration": 1173,
              "state": "passed",
              "speed": "slow",
              "pass": true,
              "fail": false,
              "pending": false,
              "context": null,
              "code": "cy.get(\".traversal-table>tbody>tr>td\").last().should(\"contain\", \"Scott\");",
              "err": {},
              "uuid": "33a8ea7e-6625-4657-b025-af94732b92ac",
              "parentUUID": "8ca75e89-d20d-4eb9-a992-38cee789ad8c",
              "isHook": false,
              "skipped": false
            },
            {
              "title": "nextAll() to get all of the next sibling DOM elements within elements",
              "fullTitle": "Traversing DOM elements in Cypress nextAll() to get all of the next sibling DOM elements within elements",
              "timedOut": null,
              "duration": 760,
              "state": "passed",
              "speed": "slow",
              "pass": true,
              "fail": false,
              "pending": false,
              "context": null,
              "code": "cy.get(\"#tea\").nextAll().should(\"have.length\", 3); //second alternative\ncy.get(\".traversal-drinks-list\").contains(\"Tea\").nextAll().should(\"have.length\", 3);",
              "err": {},
              "uuid": "b2dde9d5-6306-4b9e-bb60-c3b767192ea9",
              "parentUUID": "8ca75e89-d20d-4eb9-a992-38cee789ad8c",
              "isHook": false,
              "skipped": false
            },
            {
              "title": "nextUntil() to get all of the next sibling DOM elements within elements until another element",
              "fullTitle": "Traversing DOM elements in Cypress nextUntil() to get all of the next sibling DOM elements within elements until another element",
              "timedOut": null,
              "duration": 771,
              "state": "passed",
              "speed": "slow",
              "pass": true,
              "fail": false,
              "pending": false,
              "context": null,
              "code": "cy.get(\"#coffee\").nextUntil(\"#milk\").should(\"have.length\", 1);\ncy.get(\"#coffee\").nextUntil(\"#espresso\").should(\"contain\", \"Tea\", \"Milk\");",
              "err": {},
              "uuid": "11dfdef2-90d7-434b-b8f4-e2d03e8a3576",
              "parentUUID": "8ca75e89-d20d-4eb9-a992-38cee789ad8c",
              "isHook": false,
              "skipped": false
            },
            {
              "title": "not() to remove DOM element(s) from the set of elements",
              "fullTitle": "Traversing DOM elements in Cypress not() to remove DOM element(s) from the set of elements",
              "timedOut": null,
              "duration": 788,
              "state": "passed",
              "speed": "slow",
              "pass": true,
              "fail": false,
              "pending": false,
              "context": null,
              "code": "cy.get(\".traversal-button-states>button\").not(\".disabled\").should(\"not.contain\", \"Warning\");",
              "err": {},
              "uuid": "ca0ed979-3f08-4fe9-8776-b3230b9d1958",
              "parentUUID": "8ca75e89-d20d-4eb9-a992-38cee789ad8c",
              "isHook": false,
              "skipped": false
            },
            {
              "title": "parent() To get parent DOM element of elements",
              "fullTitle": "Traversing DOM elements in Cypress parent() To get parent DOM element of elements",
              "timedOut": null,
              "duration": 803,
              "state": "passed",
              "speed": "slow",
              "pass": true,
              "fail": false,
              "pending": false,
              "context": null,
              "code": "cy.get(\".traversal-mark\").parent().should(\"contain\", \"Lorem ipsum dolor sit amet\");",
              "err": {},
              "uuid": "dafd0874-9f52-46ec-8598-ffa75ad9a0f0",
              "parentUUID": "8ca75e89-d20d-4eb9-a992-38cee789ad8c",
              "isHook": false,
              "skipped": false
            },
            {
              "title": "parents() to get parents DOM element of elements",
              "fullTitle": "Traversing DOM elements in Cypress parents() to get parents DOM element of elements",
              "timedOut": null,
              "duration": 761,
              "state": "passed",
              "speed": "slow",
              "pass": true,
              "fail": false,
              "pending": false,
              "context": null,
              "code": "cy.get(\".traversal-cite\").parents().should(\"match\", \"blockquote\");",
              "err": {},
              "uuid": "87ad9e76-f2cc-4563-be41-9a011587d96d",
              "parentUUID": "8ca75e89-d20d-4eb9-a992-38cee789ad8c",
              "isHook": false,
              "skipped": false
            },
            {
              "title": "prev() to get the previous sibling DOM element within elements",
              "fullTitle": "Traversing DOM elements in Cypress prev() to get the previous sibling DOM element within elements",
              "timedOut": null,
              "duration": 693,
              "state": "passed",
              "speed": "slow",
              "pass": true,
              "fail": false,
              "pending": false,
              "context": null,
              "code": "cy.get(\"#sugar\").prev().should(\"contain\", \"Espresso\");",
              "err": {},
              "uuid": "45759c3f-aa49-4d73-90e2-5ee3c97c11ee",
              "parentUUID": "8ca75e89-d20d-4eb9-a992-38cee789ad8c",
              "isHook": false,
              "skipped": false
            },
            {
              "title": "prevAll() to get all previous sibling DOM elements within elements",
              "fullTitle": "Traversing DOM elements in Cypress prevAll() to get all previous sibling DOM elements within elements",
              "timedOut": null,
              "duration": 926,
              "state": "passed",
              "speed": "slow",
              "pass": true,
              "fail": false,
              "pending": false,
              "context": null,
              "code": "cy.get(\".sales\").prevAll().should(\"contain\", \"Finance\");",
              "err": {},
              "uuid": "b41b6765-578d-4d3f-9b3a-f602518edc96",
              "parentUUID": "8ca75e89-d20d-4eb9-a992-38cee789ad8c",
              "isHook": false,
              "skipped": false
            },
            {
              "title": "prevUntil() to get all previous sibling DOM elements within elements until other element",
              "fullTitle": "Traversing DOM elements in Cypress prevUntil() to get all previous sibling DOM elements within elements until other element",
              "timedOut": null,
              "duration": 712,
              "state": "passed",
              "speed": "slow",
              "pass": true,
              "fail": false,
              "pending": false,
              "context": null,
              "code": "cy.get(\"#veggie\").prevUntil(\"#fruits\").should(\"have.length\", 5);",
              "err": {},
              "uuid": "f2085ebc-af6e-441f-9317-eca036d59123",
              "parentUUID": "8ca75e89-d20d-4eb9-a992-38cee789ad8c",
              "isHook": false,
              "skipped": false
            },
            {
              "title": "siblings() To get all sibling DOM elements of elements",
              "fullTitle": "Traversing DOM elements in Cypress siblings() To get all sibling DOM elements of elements",
              "timedOut": null,
              "duration": 924,
              "state": "passed",
              "speed": "slow",
              "pass": true,
              "fail": false,
              "pending": false,
              "context": null,
              "code": "cy.get(\".traversal-button-other-states .active\").siblings().should(\"have.length\", 3);\ncy.get(\".traversal-button-other-states .active\").siblings().each(function ($el, index, $list) {\n  var text = $el.text();\n  cy.log(text);\n});",
              "err": {},
              "uuid": "661f31c1-46f5-432e-ae36-860722459908",
              "parentUUID": "8ca75e89-d20d-4eb9-a992-38cee789ad8c",
              "isHook": false,
              "skipped": false
            }
          ],
          "suites": [],
          "passes": [
            "905fe85c-26e7-4f11-a866-fb66720a6b5b",
            "6b26b2bf-bb61-4360-9908-bc49505afb79",
            "1b97db8c-f074-447c-b7bb-85156cbfca15",
            "32e5b72a-b19e-4593-9e52-8eefde660e89",
            "6978a39f-3193-4e55-afc0-0fbc7cc76548",
            "a0ec40ce-d609-441f-8f88-ecfd037a2336",
            "33a8ea7e-6625-4657-b025-af94732b92ac",
            "b2dde9d5-6306-4b9e-bb60-c3b767192ea9",
            "11dfdef2-90d7-434b-b8f4-e2d03e8a3576",
            "ca0ed979-3f08-4fe9-8776-b3230b9d1958",
            "dafd0874-9f52-46ec-8598-ffa75ad9a0f0",
            "87ad9e76-f2cc-4563-be41-9a011587d96d",
            "45759c3f-aa49-4d73-90e2-5ee3c97c11ee",
            "b41b6765-578d-4d3f-9b3a-f602518edc96",
            "f2085ebc-af6e-441f-9317-eca036d59123",
            "661f31c1-46f5-432e-ae36-860722459908"
          ],
          "failures": [],
          "pending": [],
          "skipped": [],
          "duration": 14770,
          "root": false,
          "rootEmpty": false,
          "_timeout": 2000
        }
      ],
      "passes": [],
      "failures": [],
      "pending": [],
      "skipped": [],
      "duration": 0,
      "root": true,
      "rootEmpty": true,
      "_timeout": 2000
    }
  ],
  "meta": {
    "mocha": {
      "version": "7.0.1"
    },
    "mochawesome": {
      "options": {
        "quiet": false,
        "reportFilename": "mochawesome",
        "saveHtml": false,
        "saveJson": true,
        "consoleReporter": "spec",
        "useInlineDiffs": false,
        "code": true
      },
      "version": "6.3.1"
    },
    "marge": {
      "options": {
        "id": "default",
        "reportDir": "cypress/results/mochawesome",
        "quite": true,
        "overwrite": false,
        "html": false,
        "json": true
      },
      "version": "5.2.0"
    }
  }
}